<?xml version="1.0" encoding="UTF-8"?>
<!-- Generated by org.testng.reporters.JUnitReportReporter -->
<testsuite skipped="0" hostname="Adet" name="openLink.SeleniumTest" tests="15" failures="0" timestamp="2021-01-06T21:19:00 CET" time="26.218" errors="0">
  <testcase name="clickHideBtn" time="0.204" classname="openLink.SeleniumTest"/>
  <system-out/>
  <testcase name="isEmuCheckBoxDisabled" time="0.056" classname="openLink.SeleniumTest"/>
  <system-out/>
  <testcase name="checkNumberOfCheckboxes" time="0.030" classname="openLink.SeleniumTest"/>
  <system-out/>
  <testcase name="selectRadioBtnJezevaKucica" time="0.140" classname="openLink.SeleniumTest"/>
  <system-out/>
  <testcase name="selectTurskiFromDropdownNahlaCourses" time="0.265" classname="openLink.SeleniumTest"/>
  <system-out/>
  <testcase name="clickPromptBoxGetTextAfterCancel" time="0.162" classname="openLink.SeleniumTest"/>
  <system-out/>
  <testcase name="checkPromptBoxAndText" time="0.110" classname="openLink.SeleniumTest"/>
  <system-out/>
  <testcase name="getTableNumberRowsCols" time="0.050" classname="openLink.SeleniumTest"/>
  <system-out/>
  <testcase name="getTableNumberRowsExcludeTitle" time="0.024" classname="openLink.SeleniumTest"/>
  <system-out/>
  <testcase name="getNamesForStudentsInEnglishCourse" time="0.166" classname="openLink.SeleniumTest"/>
  <system-out/>
  <testcase name="openNewWindowNahlaPage" time="5.158" classname="openLink.SeleniumTest"/>
  <system-out/>
  <testcase name="dragAndDrop" time="17.708" classname="openLink.SeleniumTest"/>
  <system-out/>
  <testcase name="mouseOver" time="0.513" classname="openLink.SeleniumTest"/>
  <system-out/>
  <testcase name="clickOnVolontirajLink" time="1.624" classname="openLink.SeleniumTest"/>
  <system-out/>
  <testcase name="getCurrentUrl" time="0.008" classname="openLink.SeleniumTest"/>
  <system-out/>
</testsuite> <!-- openLink.SeleniumTest -->
